# JRE version: OpenJDK Runtime Environment Microsoft-8035246 (17.0.8+7) (build 17.0.8+7-LTS)
# Java VM: OpenJDK 64-Bit Server VM Microsoft-8035246 (17.0.8+7-LTS, mixed mode, sharing, tiered, compressed oops, compressed class ptrs, g1 gc, windows-amd64)
GC Precious Log:
 CPUs: 4 total, 4 available
 Memory: 8026M
 Large Page Support: Disabled
 NUMA Support: Disabled
 Compressed Oops: Enabled (32-bit)
 Heap Region Size: 1M
 Heap Min Capacity: 8M
 Heap Initial Capacity: 126M
 Heap Max Capacity: 2G
 Pre-touch: Disabled
 Parallel Workers: 4
 Concurrent Workers: 1
 Concurrent Refinement Workers: 4
 Periodic GC: Disabled
Heap:
 garbage-first heap   total 236544K, used 167035K [0x0000000080000000, 0x0000000100000000)
  region size 1024K, 17 young (17408K), 7 survivors (7168K)
 Metaspace       used 97700K, committed 98624K, reserved 557056K
  class space    used 13612K, committed 14080K, reserved 425984K
GC Heap History (20 events):
Event: 92.263 GC heap before
{Heap before GC invocations=57 (full 0):
 garbage-first heap   total 186368K, used 152763K [0x0000000080000000, 0x0000000100000000)
  region size 1024K, 31 young (31744K), 2 survivors (2048K)
 Metaspace       used 88664K, committed 89536K, reserved 557056K
  class space    used 12427K, committed 12864K, reserved 425984K
}
Event: 92.275 GC heap after
{Heap after GC invocations=58 (full 0):
 garbage-first heap   total 186368K, used 129677K [0x0000000080000000, 0x0000000100000000)
  region size 1024K, 4 young (4096K), 4 survivors (4096K)
 Metaspace       used 88664K, committed 89536K, reserved 557056K
  class space    used 12427K, committed 12864K, reserved 425984K
}
Event: 92.859 GC heap before
{Heap before GC invocations=58 (full 0):
 garbage-first heap   total 186368K, used 153229K [0x0000000080000000, 0x0000000100000000)
  region size 1024K, 27 young (27648K), 4 survivors (4096K)
 Metaspace       used 89523K, committed 90432K, reserved 557056K
  class space    used 12521K, committed 12928K, reserved 425984K
}
Event: 92.881 GC heap after
{Heap after GC invocations=59 (full 0):
 garbage-first heap   total 186368K, used 133038K [0x0000000080000000, 0x0000000100000000)
  region size 1024K, 4 young (4096K), 4 survivors (4096K)
 Metaspace       used 89523K, committed 90432K, reserved 557056K
  class space    used 12521K, committed 12928K, reserved 425984K
}
Event: 93.323 GC heap before
{Heap before GC invocations=59 (full 0):
 garbage-first heap   total 186368K, used 153518K [0x0000000080000000, 0x0000000100000000)
  region size 1024K, 24 young (24576K), 4 survivors (4096K)
 Metaspace       used 90962K, committed 91776K, reserved 557056K
  class space    used 12736K, committed 13120K, reserved 425984K
}
Event: 93.336 GC heap after
{Heap after GC invocations=60 (full 0):
 garbage-first heap   total 186368K, used 134346K [0x0000000080000000, 0x0000000100000000)
  region size 1024K, 2 young (2048K), 2 survivors (2048K)
 Metaspace       used 90962K, committed 91776K, reserved 557056K
  class space    used 12736K, committed 13120K, reserved 425984K
}
Event: 94.463 GC heap before
{Heap before GC invocations=60 (full 0):
 garbage-first heap   total 186368K, used 154826K [0x0000000080000000, 0x0000000100000000)
  region size 1024K, 23 young (23552K), 2 survivors (2048K)
 Metaspace       used 92742K, committed 93632K, reserved 557056K
  class space    used 13024K, committed 13440K, reserved 425984K
}
Event: 94.470 GC heap after
{Heap after GC invocations=61 (full 0):
 garbage-first heap   total 186368K, used 135034K [0x0000000080000000, 0x0000000100000000)
  region size 1024K, 2 young (2048K), 2 survivors (2048K)
 Metaspace       used 92742K, committed 93632K, reserved 557056K
  class space    used 13024K, committed 13440K, reserved 425984K
}
Event: 95.334 GC heap before
{Heap before GC invocations=61 (full 0):
 garbage-first heap   total 186368K, used 157562K [0x0000000080000000, 0x0000000100000000)
  region size 1024K, 24 young (24576K), 2 survivors (2048K)
 Metaspace       used 93990K, committed 94848K, reserved 557056K
  class space    used 13179K, committed 13632K, reserved 425984K
}
Event: 95.345 GC heap after
{Heap after GC invocations=62 (full 0):
 garbage-first heap   total 186368K, used 137360K [0x0000000080000000, 0x0000000100000000)
  region size 1024K, 3 young (3072K), 3 survivors (3072K)
 Metaspace       used 93990K, committed 94848K, reserved 557056K
  class space    used 13179K, committed 13632K, reserved 425984K
}
Event: 95.834 GC heap before
{Heap before GC invocations=62 (full 0):
 garbage-first heap   total 186368K, used 157840K [0x0000000080000000, 0x0000000100000000)
  region size 1024K, 23 young (23552K), 3 survivors (3072K)
 Metaspace       used 95126K, committed 96064K, reserved 557056K
  class space    used 13326K, committed 13760K, reserved 425984K
}
Event: 95.844 GC heap after
{Heap after GC invocations=63 (full 0):
 garbage-first heap   total 186368K, used 138709K [0x0000000080000000, 0x0000000100000000)
  region size 1024K, 2 young (2048K), 2 survivors (2048K)
 Metaspace       used 95126K, committed 96064K, reserved 557056K
  class space    used 13326K, committed 13760K, reserved 425984K
}
Event: 96.420 GC heap before
{Heap before GC invocations=63 (full 0):
 garbage-first heap   total 186368K, used 158165K [0x0000000080000000, 0x0000000100000000)
  region size 1024K, 21 young (21504K), 2 survivors (2048K)
 Metaspace       used 95874K, committed 96832K, reserved 557056K
  class space    used 13415K, committed 13888K, reserved 425984K
}
Event: 96.432 GC heap after
{Heap after GC invocations=64 (full 0):
 garbage-first heap   total 236544K, used 140865K [0x0000000080000000, 0x0000000100000000)
  region size 1024K, 3 young (3072K), 3 survivors (3072K)
 Metaspace       used 95874K, committed 96832K, reserved 557056K
  class space    used 13415K, committed 13888K, reserved 425984K
}
Event: 99.057 GC heap before
{Heap before GC invocations=64 (full 0):
 garbage-first heap   total 236544K, used 196161K [0x0000000080000000, 0x0000000100000000)
  region size 1024K, 57 young (58368K), 3 survivors (3072K)
 Metaspace       used 96752K, committed 97664K, reserved 557056K
  class space    used 13499K, committed 13952K, reserved 425984K
}
Event: 99.080 GC heap after
{Heap after GC invocations=65 (full 0):
 garbage-first heap   total 236544K, used 146880K [0x0000000080000000, 0x0000000100000000)
  region size 1024K, 8 young (8192K), 8 survivors (8192K)
 Metaspace       used 96752K, committed 97664K, reserved 557056K
  class space    used 13499K, committed 13952K, reserved 425984K
}
Event: 101.895 GC heap before
{Heap before GC invocations=65 (full 0):
 garbage-first heap   total 236544K, used 196032K [0x0000000080000000, 0x0000000100000000)
  region size 1024K, 57 young (58368K), 8 survivors (8192K)
 Metaspace       used 97557K, committed 98496K, reserved 557056K
  class space    used 13591K, committed 14080K, reserved 425984K
}
Event: 101.921 GC heap after
{Heap after GC invocations=66 (full 0):
 garbage-first heap   total 236544K, used 149641K [0x0000000080000000, 0x0000000100000000)
  region size 1024K, 3 young (3072K), 3 survivors (3072K)
 Metaspace       used 97557K, committed 98496K, reserved 557056K
  class space    used 13591K, committed 14080K, reserved 425984K
}
Event: 104.295 GC heap before
{Heap before GC invocations=66 (full 0):
 garbage-first heap   total 236544K, used 197769K [0x0000000080000000, 0x0000000100000000)
  region size 1024K, 51 young (52224K), 3 survivors (3072K)
 Metaspace       used 97695K, committed 98624K, reserved 557056K
  class space    used 13612K, committed 14080K, reserved 425984K
}
Event: 104.307 GC heap after
{Heap after GC invocations=67 (full 0):
 garbage-first heap   total 236544K, used 153723K [0x0000000080000000, 0x0000000100000000)
  region size 1024K, 7 young (7168K), 7 survivors (7168K)
 Metaspace       used 97695K, committed 98624K, reserved 557056K
  class space    used 13612K, committed 14080K, reserved 425984K
}

